sdkndemo/adsdk/build/outputs/logs/manifest-merger-release-report.txt
-- Merging decision tree log ---
manifest
ADDED from src/main/AndroidManifest.xml:1:1-69:12
INJECTED from src/main/AndroidManifest.xml:1:1-69:12
INJECTED from src/main/AndroidManifest.xml:1:1-69:12
INJECTED from src/main/AndroidManifest.xml:1:1-69:12
INJECTED from src/main/AndroidManifest.xml:1:1-69:12
INJECTED from src/main/AndroidManifest.xml:1:1-69:12
INJECTED from src/main/AndroidManifest.xml:1:1-69:12
	package
		ADDED from src/main/AndroidManifest.xml:2:5-30
		INJECTED from src/main/AndroidManifest.xml
		INJECTED from src/main/AndroidManifest.xml
	android:versionName
		INJECTED from src/main/AndroidManifest.xml
		ADDED from src/main/AndroidManifest.xml:1:1-69:12
		INJECTED from src/main/AndroidManifest.xml
	android:versionCode
		INJECTED from src/main/AndroidManifest.xml
		ADDED from src/main/AndroidManifest.xml:1:1-69:12
		INJECTED from src/main/AndroidManifest.xml
	xmlns:android
		ADDED from src/main/AndroidManifest.xml:1:11-69
uses-permission#android.permission.ACCESS_NETWORK_STATE
ADDED from src/main/AndroidManifest.xml:4:5-79
	android:name
		ADDED from src/main/AndroidManifest.xml:4:22-76
uses-permission#android.permission.ACCESS_WIFI_STATE
ADDED from src/main/AndroidManifest.xml:5:5-76
	android:name
		ADDED from src/main/AndroidManifest.xml:5:22-73
uses-permission#android.permission.CHANGE_WIFI_STATE
ADDED from src/main/AndroidManifest.xml:6:5-76
	android:name
		ADDED from src/main/AndroidManifest.xml:6:22-73
uses-permission#android.permission.CHANGE_NETWORK_STATE
ADDED from src/main/AndroidManifest.xml:7:5-79
	android:name
		ADDED from src/main/AndroidManifest.xml:7:22-76
uses-permission#android.permission.INTERNET
ADDED from src/main/AndroidManifest.xml:8:5-67
	android:name
		ADDED from src/main/AndroidManifest.xml:8:22-64
uses-permission#android.permission.READ_PHONE_STATE
ADDED from src/main/AndroidManifest.xml:9:5-75
	android:name
		ADDED from src/main/AndroidManifest.xml:9:22-72
uses-permission#android.permission.READ_EXTERNAL_STORAGE
ADDED from src/main/AndroidManifest.xml:10:5-80
	android:name
		ADDED from src/main/AndroidManifest.xml:10:22-77
uses-permission#android.permission.WRITE_EXTERNAL_STORAGE
ADDED from src/main/AndroidManifest.xml:11:5-81
	android:name
		ADDED from src/main/AndroidManifest.xml:11:22-78
uses-permission#android.permission.EXPAND_STATUS_BAR
ADDED from src/main/AndroidManifest.xml:12:5-76
	android:name
		ADDED from src/main/AndroidManifest.xml:12:22-73
uses-permission#android.permission.SYSTEM_ALERT_WINDOW
ADDED from src/main/AndroidManifest.xml:13:5-77
	android:name
		ADDED from src/main/AndroidManifest.xml:13:22-75
uses-permission#android.permission.REQUEST_INSTALL_PACKAGES
ADDED from src/main/AndroidManifest.xml:14:5-82
	android:name
		ADDED from src/main/AndroidManifest.xml:14:22-80
application
ADDED from src/main/AndroidManifest.xml:16:5-68:19
	android:supportsRtl
		ADDED from src/main/AndroidManifest.xml:19:9-35
	android:label
		ADDED from src/main/AndroidManifest.xml:18:9-41
	android:allowBackup
		ADDED from src/main/AndroidManifest.xml:17:9-35
activity#com.wppai.adsdk.WebViewActivity
ADDED from src/main/AndroidManifest.xml:20:9-35:20
	android:screenOrientation
		ADDED from src/main/AndroidManifest.xml:23:13-49
	android:hardwareAccelerated
		ADDED from src/main/AndroidManifest.xml:22:13-47
	android:theme
		ADDED from src/main/AndroidManifest.xml:24:13-60
	android:name
		ADDED from src/main/AndroidManifest.xml:21:13-59
intent-filter#action:name:android.intent.action.VIEW+category:name:android.intent.category.BROWSABLE+category:name:android.intent.category.DEFAULT+data:host:share+data:scheme:will
ADDED from src/main/AndroidManifest.xml:25:13-34:29
action#android.intent.action.VIEW
ADDED from src/main/AndroidManifest.xml:26:17-69
	android:name
		ADDED from src/main/AndroidManifest.xml:26:25-66
category#android.intent.category.DEFAULT
ADDED from src/main/AndroidManifest.xml:28:17-76
	android:name
		ADDED from src/main/AndroidManifest.xml:28:27-73
category#android.intent.category.BROWSABLE
ADDED from src/main/AndroidManifest.xml:29:17-78
	android:name
		ADDED from src/main/AndroidManifest.xml:29:27-75
data
ADDED from src/main/AndroidManifest.xml:31:17-33:45
	android:host
		ADDED from src/main/AndroidManifest.xml:32:21-41
	android:scheme
		ADDED from src/main/AndroidManifest.xml:33:21-42
activity#com.wppai.adsdk.AdDialogActivity
ADDED from src/main/AndroidManifest.xml:37:9-39:58
	android:screenOrientation
		ADDED from src/main/AndroidManifest.xml:38:13-49
	android:theme
		ADDED from src/main/AndroidManifest.xml:39:13-56
	android:name
		ADDED from src/main/AndroidManifest.xml:37:19-51
receiver#com.wppai.adsdk.comm.NotificationBroadcastReceiver
ADDED from src/main/AndroidManifest.xml:41:9-46:20
	android:name
		ADDED from src/main/AndroidManifest.xml:41:19-84
intent-filter#action:name:notification_cancelled+data:scheme:package
ADDED from src/main/AndroidManifest.xml:42:13-45:29
action#notification_cancelled
ADDED from src/main/AndroidManifest.xml:43:17-65
	android:name
		ADDED from src/main/AndroidManifest.xml:43:25-62
receiver#com.wppai.adsdk.WebViewActivity$DownloadReceiver
ADDED from src/main/AndroidManifest.xml:48:9-52:20
	android:name
		ADDED from src/main/AndroidManifest.xml:48:19-67
intent-filter#action:name:android.intent.action.DOWNLOAD_COMPLETE
ADDED from src/main/AndroidManifest.xml:49:13-51:29
action#android.intent.action.DOWNLOAD_COMPLETE
ADDED from src/main/AndroidManifest.xml:50:17-81
	android:name
		ADDED from src/main/AndroidManifest.xml:50:25-79
provider#com.liulishuo.okdownload.OkDownloadProvider
ADDED from src/main/AndroidManifest.xml:54:9-57:40
	android:authorities
		ADDED from src/main/AndroidManifest.xml:56:13-76
	android:exported
		ADDED from src/main/AndroidManifest.xml:57:13-37
	android:name
		ADDED from src/main/AndroidManifest.xml:55:13-71
provider#com.wppai.adsdk.comm.WPPAIFileProvider
ADDED from src/main/AndroidManifest.xml:58:9-66:20
	android:grantUriPermissions
		ADDED from src/main/AndroidManifest.xml:61:13-47
	android:authorities
		ADDED from src/main/AndroidManifest.xml:59:13-70
	android:exported
		ADDED from src/main/AndroidManifest.xml:62:13-37
	android:name
		ADDED from src/main/AndroidManifest.xml:60:13-66
meta-data#android.support.FILE_PROVIDER_PATHS
ADDED from src/main/AndroidManifest.xml:63:13-65:60
	android:resource
		ADDED from src/main/AndroidManifest.xml:65:17-57
	android:name
		ADDED from src/main/AndroidManifest.xml:64:17-67
uses-sdk
INJECTED from src/main/AndroidManifest.xml reason: use-sdk injection requested
INJECTED from src/main/AndroidManifest.xml
INJECTED from src/main/AndroidManifest.xml
INJECTED from src/main/AndroidManifest.xml
INJECTED from src/main/AndroidManifest.xml
	android:targetSdkVersion
		INJECTED from src/main/AndroidManifest.xml
		ADDED from src/main/AndroidManifest.xml
		INJECTED from src/main/AndroidManifest.xml
	android:minSdkVersion
		INJECTED from src/main/AndroidManifest.xml
		ADDED from src/main/AndroidManifest.xml
		INJECTED from src/main/AndroidManifest.xml